<?xml version="1.0" encoding="utf-8"?><testsuites name="pytest tests"><testsuite name="pytest" errors="0" failures="0" skipped="0" tests="6" time="3.145" timestamp="2026-09-05T06:00:56.987686+00:00" hostname="agent-env-b33fa77d-7cc4-43c2-8934-c9c67182cbc7"><testcase classname="tests.test_retest_iteration2" name="test_requester_owns_creation_and_cannot_access_other_ticket" time="1.190" /><testcase classname="tests.test_runtime_phase1" name="test_public_contract_and_unauthorized" time="0.316" /><testcase classname="tests.test_runtime_phase1" name="test_admin_dashboard_ticket_comment_flow" time="0.874" /><testcase classname="tests.test_retest_iteration2" name="test_admin_agent_and_disabled_contracts" time="1.455" /><testcase classname="tests.test_runtime_phase1" name="test_cross_tenant_ticket_is_hidden" time="1.194" /><testcase classname="tests.test_isolation" name="test_tenant_isolation_contract" time="0.000" /></testsuite></testsuites>