<?xml version="1.0" encoding="utf-8"?><testsuites name="pytest tests"><testsuite name="pytest" errors="0" failures="0" skipped="0" tests="4" time="2.210" timestamp="2026-09-05T05:57:16.118196+00:00" hostname="agent-env-b33fa77d-7cc4-43c2-8934-c9c67182cbc7"><testcase classname="tests.test_isolation" name="test_tenant_isolation_contract" time="0.000" /><testcase classname="tests.test_runtime_phase1" name="test_public_contract_and_unauthorized" time="0.351" /><testcase classname="tests.test_runtime_phase1" name="test_admin_dashboard_ticket_comment_flow" time="0.612" /><testcase classname="tests.test_runtime_phase1" name="test_cross_tenant_ticket_is_hidden" time="0.756" /></testsuite></testsuites>