<?xml version="1.0" encoding="utf-8"?><testsuites name="pytest tests"><testsuite name="pytest" errors="4" failures="0" skipped="0" tests="7" time="3.604" timestamp="2026-09-07T13:49:26.003989+00:00" hostname="agent-env-b33fa77d-7cc4-43c2-8934-c9c67182cbc7"><testcase classname="" name="tests.test_role_model_iteration3" time="0.000"><error message="collection failure">backend/tests/test_role_model_iteration3.py:4: in &lt;module&gt;
    BASE_URL = os.environ["REACT_APP_BACKEND_URL"].rstrip("/")
               ^^^^^^^^^^^^^^^^^^^^^^^^^^^^^^^^^^^
&lt;frozen os&gt;:679: in __getitem__
    ???
E   KeyError: 'REACT_APP_BACKEND_URL'</error><error message="collection failure">backend/tests/test_role_model_iteration3.py:4: in &lt;module&gt;
    BASE_URL = os.environ["REACT_APP_BACKEND_URL"].rstrip("/")
               ^^^^^^^^^^^^^^^^^^^^^^^^^^^^^^^^^^^
&lt;frozen os&gt;:679: in __getitem__
    ???
E   KeyError: 'REACT_APP_BACKEND_URL'</error></testcase><testcase classname="" name="tests.test_runtime_phase1" time="0.000"><error message="collection failure">backend/tests/test_runtime_phase1.py:6: in &lt;module&gt;
    BASE_URL = os.environ.get("REACT_APP_BACKEND_URL").rstrip("/")
               ^^^^^^^^^^^^^^^^^^^^^^^^^^^^^^^^^^^^^^^^^^^^^^
E   AttributeError: 'NoneType' object has no attribute 'rstrip'</error><error message="collection failure">backend/tests/test_runtime_phase1.py:6: in &lt;module&gt;
    BASE_URL = os.environ.get("REACT_APP_BACKEND_URL").rstrip("/")
               ^^^^^^^^^^^^^^^^^^^^^^^^^^^^^^^^^^^^^^^^^^^^^^
E   AttributeError: 'NoneType' object has no attribute 'rstrip'</error></testcase><testcase classname="tests.test_isolation" name="test_tenant_isolation_contract" time="0.000" /><testcase classname="tests.test_retest_iteration2" name="test_requester_owns_creation_and_cannot_access_other_ticket" time="1.466" /><testcase classname="tests.test_retest_iteration2" name="test_admin_superadmin_and_disabled_contracts" time="1.637" /></testsuite></testsuites>